#
# A fatal error has been detected by the Java Runtime Environment:
#
#  EXCEPTION_ACCESS_VIOLATION (0xc0000005) at pc=0x770622b2, pid=5920, tid=1532
#
# JRE version: 6.0_35-b10
# Java VM: Java HotSpot(TM) Client VM (20.10-b01 mixed mode windows-x86 )
# Problematic frame:
# C  [ntdll.dll+0x222b2]
#
# If you would like to submit a bug report, please visit:
#   http://java.sun.com/webapps/bugreport/crash.jsp
# The crash happened outside the Java Virtual Machine in native code.
# See problematic frame for where to report the bug.
#

---------------  T H R E A D  ---------------

Current thread (0x0607d000):  JavaThread "main" [_thread_in_native, id=1532, stack(0x02c50000,0x02e50000)]

siginfo: ExceptionCode=0xc0000005, writing address 0x00000024

Registers:
EAX=0x00000024, EBX=0x2150f730, ECX=0x7c38b4e8, EDX=0x7efeff3d
ESP=0x02e45de0, EBP=0x02e45df4, ESI=0x00000024, EDI=0x00000020
EIP=0x770622b2, EFLAGS=0x00210216

Top of Stack: (sp=0x02e45de0)
0x02e45de0:   02e45f88 00000000 7c34214f 0607f180
0x02e45df0:   02e45e34 02e45e3c 7c34f639 00000020
0x02e45e00:   7c36b73f 00000000 6d1db864 02e45f88
0x02e45e10:   00000000 2150f730 7c38b548 02e45e08
0x02e45e20:   0000000d 02e45e0c 02e459b4 02e46330
0x02e45e30:   7c34240d 7c382198 ffffffff 02e461a4
0x02e45e40:   6d1d3b75 6d1db864 00000000 02e45f60
0x02e45e50:   6d1db874 0607d000 2150f730 00000000 

Instructions: (pc=0x770622b2)
0x77062292:   33 c0 5e 5d c2 04 00 90 90 90 90 90 90 90 8b ff
0x770622a2:   55 8b ec 83 ec 0c 56 57 8b 7d 08 8d 77 04 8b c6
0x770622b2:   f0 0f ba 30 00 0f 83 9e 02 01 00 64 a1 18 00 00
0x770622c2:   00 8b 48 24 89 4f 0c c7 47 08 01 00 00 00 5f 33 


Register to memory mapping:

EAX=0x00000024 is an unknown value
EBX=0x2150f730 is an oop
{method} 
 - klass: {other class}
ECX=0x7c38b4e8 is an unknown value
EDX=0x7efeff3d is an unknown value
ESP=0x02e45de0 is pointing into the stack for thread: 0x0607d000
EBP=0x02e45df4 is pointing into the stack for thread: 0x0607d000
ESI=0x00000024 is an unknown value
EDI=0x00000020 is an unknown value


Stack: [0x02c50000,0x02e50000],  sp=0x02e45de0,  free space=2007k
Native frames: (J=compiled Java code, j=interpreted, Vv=VM code, C=native code)
C  [ntdll.dll+0x222b2]  RtlEnterCriticalSection+0x12
C  [MSVCR71.dll+0xf639]  _crtGetLocaleInfoW+0x2b1
C  0x6d1d3b75  Java_com_sun_deploy_config_WinConfig_installShortcut+0x235
j  com.sun.deploy.config.Config.versionUpdateCheck()V+392
j  com.sun.deploy.config.Config.initialize()Z+256
j  com.sun.deploy.config.Config.<clinit>()V+1933
v  ~StubRoutines::call_stub
C  0x6d8eb05b  JVM_Clone+0x3b1ab
C  0x6d97c901  JVM_FindSignal+0x50721
C  0x6d8eb0dd  JVM_Clone+0x3b22d
C  0x6d86df07
C  0x6d86ed6e
C  0x6d86f059
C  0x6d86f176
C  0x6d83d7a9
C  0x6d83df0f
C  0x6d83e0e0
C  0x6d83ace1
j  sun.plugin2.main.server.JVMManager.processJREInfo()V+32
j  sun.plugin2.main.server.JVMManager.<init>()V+86
j  sun.plugin2.main.server.JVMManager.<clinit>()V+72
v  ~StubRoutines::call_stub
C  0x6d8eb05b  JVM_Clone+0x3b1ab
C  0x6d97c901  JVM_FindSignal+0x50721
C  0x6d8eb0dd  JVM_Clone+0x3b22d
C  0x6d86df07
C  0x6d86ed6e
C  0x6d86f059
C  0x6d86f176
C  0x6d83d7a9
C  0x6d83df0f
C  0x6d83e0e0
C  0x6d83ace1
j  sun.plugin2.main.server.IExplorerPlugin.<clinit>()V+43
v  ~StubRoutines::call_stub
C  0x6d8eb05b  JVM_Clone+0x3b1ab
C  0x6d97c901  JVM_FindSignal+0x50721
C  0x6d8eb0dd  JVM_Clone+0x3b22d
C  0x6d86df07
C  0x6d86ed6e
C  0x6d86f059
C  0x6d86f176
C  0x6d8a2a49  JVM_RawMonitorExit+0xf9
C  0x6d884c28  JNI_GetCreatedJavaVMs+0x34d8
C  0x6d403cc0  Java_sun_plugin2_main_server_IExplorerPlugin_variantArrayElementToObject0+0xcc
C  0x6d4041a7  Java_sun_plugin2_main_server_IExplorerPlugin_variantArrayElementToObject0+0x5b3
C  0x6d407245  DllGetClassObject+0x842
C  [MSHTML.dll+0x156cbf]  RunHTMLApplication+0x1a08
C  [MSHTML.dll+0x156ba2]  RunHTMLApplication+0x18eb
C  [MSHTML.dll+0x156bd0]  RunHTMLApplication+0x1919
C  [MSHTML.dll+0x156855]  RunHTMLApplication+0x159e
C  [MSHTML.dll+0x15667b]  RunHTMLApplication+0x13c4
C  [MSHTML.dll+0x1562dc]  RunHTMLApplication+0x1025
C  [MSHTML.dll+0x155f45]  RunHTMLApplication+0xc8e
C  [MSHTML.dll+0x99850]  MatchExactGetIDsOfNames+0x5ed52
C  [MSHTML.dll+0x2625b4]  CTravelLog_CreateInstance+0x1eb6f
C  [MSHTML.dll+0x29d9ff]  DllGetClassObject+0x23db1
C  [MSHTML.dll+0x267cf8]  CTravelLog_CreateInstance+0x242b3
C  [MSHTML.dll+0x267c24]  CTravelLog_CreateInstance+0x241df
C  [MSHTML.dll+0x267b89]  CTravelLog_CreateInstance+0x24144
C  [MSHTML.dll+0x267ae9]  CTravelLog_CreateInstance+0x240a4
C  [MSHTML.dll+0x24ba25]  CTravelLog_CreateInstance+0x7fe0
C  [MSHTML.dll+0x3e9f09]  DllGetClassObject+0x1702bb
C  [MSHTML.dll+0x409770]  DllGetClassObject+0x18fb22
C  [USER32.dll+0x162fa]  gapfnScSendMessage+0x332
C  [USER32.dll+0x16d3a]  GetThreadDesktop+0xd7
C  [USER32.dll+0x177c4]  CharPrevW+0x138
C  [USER32.dll+0x1788a]  DispatchMessageW+0xf
C  [IEFRAME.dll+0xf206c]  Ordinal234+0x652d
C  [IEFRAME.dll+0x111dc6]  Ordinal224+0x17e09
C  [iertutil.dll+0x1415f0]  Ordinal59+0x8b
C  [IEFRAME.dll+0x10027b]  Ordinal224+0x62be
C  [kernel32.dll+0x1339a]  BaseThreadInitThunk+0x12
C  [ntdll.dll+0x39ef2]  RtlInitializeExceptionChain+0x63
C  [ntdll.dll+0x39ec5]  RtlInitializeExceptionChain+0x36

Java frames: (J=compiled Java code, j=interpreted, Vv=VM code)
j  com.sun.deploy.config.WinConfig.getBrowserPath()Ljava/lang/String;+0
j  com.sun.deploy.config.Config.versionUpdateCheck()V+392
j  com.sun.deploy.config.Config.initialize()Z+256
j  com.sun.deploy.config.Config.<clinit>()V+1933
v  ~StubRoutines::call_stub
j  sun.plugin2.main.server.JVMManager.processJREInfo()V+32
j  sun.plugin2.main.server.JVMManager.<init>()V+86
j  sun.plugin2.main.server.JVMManager.<clinit>()V+72
v  ~StubRoutines::call_stub
j  sun.plugin2.main.server.IExplorerPlugin.<clinit>()V+43
v  ~StubRoutines::call_stub

---------------  P R O C E S S  ---------------

Java Threads: ( => current thread )
  0x1c416800 JavaThread "traceMsgQueueThread" daemon [_thread_blocked, id=5604, stack(0x1c770000,0x1c870000)]
  0x0b737c00 JavaThread "Low Memory Detector" daemon [_thread_blocked, id=4960, stack(0x1c300000,0x1c400000)]
  0x0b736000 JavaThread "C1 CompilerThread0" daemon [_thread_blocked, id=6220, stack(0x1c170000,0x1c270000)]
  0x0b730400 JavaThread "Attach Listener" daemon [_thread_blocked, id=5716, stack(0x1bff0000,0x1c0f0000)]
  0x0b72e400 JavaThread "Signal Dispatcher" daemon [_thread_blocked, id=2152, stack(0x1bd30000,0x1be30000)]
  0x0b711400 JavaThread "Finalizer" daemon [_thread_blocked, id=2432, stack(0x1bbb0000,0x1bcb0000)]
  0x0b710000 JavaThread "Reference Handler" daemon [_thread_blocked, id=6636, stack(0x1b9a0000,0x1baa0000)]
=>0x0607d000 JavaThread "main" [_thread_in_native, id=1532, stack(0x02c50000,0x02e50000)]

Other Threads:
  0x0b70c800 VMThread [stack: 0x1b810000,0x1b910000] [id=5096]
  0x0b73f800 WatcherThread [stack: 0x1be40000,0x1bf40000] [id=7028]

VM state:not at safepoint (normal execution)

VM Mutex/Monitor currently owned by a thread: None

Heap
 def new generation   total 4928K, used 369K [0x1f320000, 0x1f870000, 0x1fdc0000)
  eden space 4416K,   8% used [0x1f320000, 0x1f37c6c8, 0x1f770000)
  from space 512K,   0% used [0x1f770000, 0x1f770000, 0x1f7f0000)
  to   space 512K,   0% used [0x1f7f0000, 0x1f7f0000, 0x1f870000)
 tenured generation   total 10944K, used 0K [0x1fdc0000, 0x20870000, 0x21320000)
   the space 10944K,   0% used [0x1fdc0000, 0x1fdc0000, 0x1fdc0200, 0x20870000)
 compacting perm gen  total 12288K, used 2110K [0x21320000, 0x21f20000, 0x25320000)
   the space 12288K,  17% used [0x21320000, 0x2152fa20, 0x2152fc00, 0x21f20000)
No shared spaces configured.

Code Cache  [0x1d320000, 0x1d398000, 0x1f320000)
 total_blobs=149 nmethods=7 adapters=79 free_code_cache=33095616 largest_free_block=0

Dynamic libraries:
0x01380000 - 0x01438000 	C:\Program Files (x86)\Internet Explorer\iexplore.exe
0x77040000 - 0x771c0000 	C:\Windows\SysWOW64\ntdll.dll
0x76360000 - 0x76470000 	C:\Windows\syswow64\kernel32.dll
0x76000000 - 0x76046000 	C:\Windows\syswow64\KERNELBASE.dll
0x74950000 - 0x749f0000 	C:\Windows\syswow64\ADVAPI32.dll
0x74d20000 - 0x74dcc000 	C:\Windows\syswow64\msvcrt.dll
0x75fe0000 - 0x75ff9000 	C:\Windows\SysWOW64\sechost.dll
0x76050000 - 0x76140000 	C:\Windows\syswow64\RPCRT4.dll
0x74720000 - 0x74780000 	C:\Windows\syswow64\SspiCli.dll
0x74710000 - 0x7471c000 	C:\Windows\syswow64\CRYPTBASE.dll
0x74de0000 - 0x74ee0000 	C:\Windows\syswow64\USER32.dll
0x748c0000 - 0x74950000 	C:\Windows\syswow64\GDI32.dll
0x748b0000 - 0x748ba000 	C:\Windows\syswow64\LPK.dll
0x74810000 - 0x748ad000 	C:\Windows\syswow64\USP10.dll
0x76490000 - 0x764e7000 	C:\Windows\syswow64\SHLWAPI.dll
0x75100000 - 0x75d4a000 	C:\Windows\syswow64\SHELL32.dll
0x74f70000 - 0x750cc000 	C:\Windows\syswow64\ole32.dll
0x75ec0000 - 0x75fd1000 	C:\Windows\syswow64\urlmon.dll
0x74780000 - 0x7480f000 	C:\Windows\syswow64\OLEAUT32.dll
0x76140000 - 0x762f8000 	C:\Windows\syswow64\iertutil.dll
0x764f0000 - 0x7660b000 	C:\Windows\syswow64\WININET.dll
0x75de0000 - 0x75de3000 	C:\Windows\syswow64\Normaliz.dll
0x74c50000 - 0x74cb0000 	C:\Windows\system32\IMM32.DLL
0x75df0000 - 0x75ebc000 	C:\Windows\syswow64\MSCTF.dll
0x6b970000 - 0x6c2bd000 	C:\Windows\system32\IEFRAME.dll
0x74dd0000 - 0x74dd5000 	C:\Windows\syswow64\PSAPI.DLL
0x72020000 - 0x7205c000 	C:\Windows\system32\OLEACC.dll
0x738f0000 - 0x73a8e000 	C:\Windows\WinSxS\x86_microsoft.windows.common-controls_6595b64144ccf1df_6.0.7601.17514_none_41e6975e2bd6f2b2\comctl32.dll
0x74bd0000 - 0x74c4b000 	C:\Windows\syswow64\comdlg32.dll
0x71b90000 - 0x71bc1000 	C:\Program Files (x86)\Internet Explorer\IEShims.dll
0x731d0000 - 0x73250000 	C:\Windows\system32\uxtheme.dll
0x73390000 - 0x73398000 	C:\Windows\system32\Secur32.dll
0x73ed0000 - 0x73edb000 	C:\Windows\system32\profapi.dll
0x749f0000 - 0x74a25000 	C:\Windows\syswow64\WS2_32.dll
0x74ce0000 - 0x74ce6000 	C:\Windows\syswow64\NSI.dll
0x73140000 - 0x73184000 	C:\Windows\system32\dnsapi.DLL
0x73110000 - 0x7312c000 	C:\Windows\system32\iphlpapi.DLL
0x73100000 - 0x73107000 	C:\Windows\system32\WINNSI.DLL
0x73ea0000 - 0x73eae000 	C:\Windows\system32\RpcRtRemote.dll
0x6ada0000 - 0x6b964000 	C:\Windows\system32\MSHTML.dll
0x74010000 - 0x74019000 	C:\Windows\system32\VERSION.dll
0x744f0000 - 0x74503000 	C:\Windows\system32\dwmapi.dll
0x74a30000 - 0x74bcd000 	C:\Windows\syswow64\setupapi.dll
0x750d0000 - 0x750f7000 	C:\Windows\syswow64\CFGMGR32.dll
0x76470000 - 0x76482000 	C:\Windows\syswow64\DEVOBJ.dll
0x71860000 - 0x7191a000 	C:\Windows\system32\d2d1.dll
0x702f0000 - 0x703fb000 	C:\Windows\system32\DWrite.dll
0x70780000 - 0x70803000 	C:\Windows\system32\dxgi.dll
0x10000000 - 0x10014000 	C:\Windows\system32\LSKHOOK.DLL
0x74cb0000 - 0x74cdd000 	C:\Windows\syswow64\WINTRUST.dll
0x76610000 - 0x7672d000 	C:\Windows\syswow64\CRYPT32.dll
0x77010000 - 0x7701c000 	C:\Windows\syswow64\MSASN1.dll
0x73250000 - 0x73271000 	C:\Windows\system32\ntmarta.dll
0x76730000 - 0x76775000 	C:\Windows\syswow64\WLDAP32.dll
0x71a20000 - 0x71a4c000 	C:\Windows\system32\d3d10_1.dll
0x71820000 - 0x7185a000 	C:\Windows\system32\d3d10_1core.dll
0x6a630000 - 0x6ad95000 	C:\Windows\system32\nvwgf2um.dll
0x73fe0000 - 0x73ff6000 	C:\Windows\system32\CRYPTSP.dll
0x73fa0000 - 0x73fdb000 	C:\Windows\system32\rsaenh.dll
0x74ee0000 - 0x74f63000 	C:\Windows\syswow64\CLBCatQ.DLL
0x71bd0000 - 0x71c03000 	C:\Program Files (x86)\Internet Explorer\ieproxy.dll
0x73280000 - 0x732cc000 	C:\Windows\system32\apphelp.dll
0x71940000 - 0x7196e000 	C:\Windows\system32\MLANG.dll
0x72060000 - 0x720b2000 	C:\Windows\system32\RASAPI32.dll
0x72330000 - 0x72345000 	C:\Windows\system32\rasman.dll
0x74370000 - 0x7437d000 	C:\Windows\system32\rtutils.dll
0x72b70000 - 0x72b76000 	C:\Windows\system32\sensapi.dll
0x73b00000 - 0x73b3c000 	C:\Windows\system32\mswsock.dll
0x73af0000 - 0x73af5000 	C:\Windows\System32\wshtcpip.dll
0x715d0000 - 0x715f5000 	C:\Windows\system32\peerdist.dll
0x73ee0000 - 0x73ef7000 	C:\Windows\system32\USERENV.dll
0x71a00000 - 0x71a1b000 	C:\Windows\system32\AUTHZ.dll
0x731c0000 - 0x731d0000 	C:\Windows\system32\NLAapi.dll
0x730b0000 - 0x730b6000 	C:\Windows\system32\rasadhlp.dll
0x715b0000 - 0x715c2000 	C:\Program Files (x86)\Common Files\Adobe\Acrobat\ActiveX\AcroIEHelperShim.dll
0x73b40000 - 0x73be3000 	C:\Windows\WinSxS\x86_microsoft.vc90.crt_1fc8b3b9a1e18e3b_9.0.30729.6161_none_50934f2ebcb7eb57\MSVCR90.dll
0x721d0000 - 0x7225e000 	C:\Windows\WinSxS\x86_microsoft.vc90.crt_1fc8b3b9a1e18e3b_9.0.30729.6161_none_50934f2ebcb7eb57\MSVCP90.dll
0x70e90000 - 0x70e96000 	C:\Windows\System32\wship6.dll
0x71970000 - 0x719f4000 	C:\Windows\WinSxS\x86_microsoft.windows.common-controls_6595b64144ccf1df_5.82.7601.17514_none_ec83dffa859149af\Comctl32.dll
0x710d0000 - 0x710e1000 	C:\Program Files (x86)\Common Files\Adobe\Acrobat\ActiveX\AcroIEHelper.dll
0x730c0000 - 0x730f8000 	C:\Windows\System32\fwpuclnt.dll
0x70720000 - 0x70727000 	C:\Windows\system32\msiltcfg.dll
0x728c0000 - 0x72b00000 	C:\Windows\system32\msi.dll
0x6d730000 - 0x6d77f000 	C:\Program Files (x86)\Java\jre6\bin\ssv.dll
0x7c340000 - 0x7c396000 	C:\Program Files (x86)\Java\jre6\bin\MSVCR71.dll
0x6fc80000 - 0x6fd11000 	C:\PROGRA~2\MICROS~2\Office14\URLREDIR.DLL
0x710b0000 - 0x710c4000 	C:\PROGRA~2\MICROS~2\Office14\MSOHEV.DLL
0x6d430000 - 0x6d43d000 	C:\Program Files (x86)\Java\jre6\bin\jp2ssv.dll
0x70eb0000 - 0x70f0f000 	C:\Windows\system32\SXS.DLL
0x6c900000 - 0x6c9fb000 	C:\Windows\system32\windowscodecs.dll
0x69e50000 - 0x6a00b000 	C:\Windows\SysWOW64\jscript9.dll
0x70280000 - 0x702ec000 	C:\Windows\SysWOW64\ieapfltr.dll
0x72830000 - 0x7283b000 	C:\Windows\system32\msimtf.dll
0x6c660000 - 0x6c755000 	C:\Windows\system32\PROPSYS.dll
0x69d40000 - 0x69e42000 	C:\Windows\system32\d3d10.dll
0x70980000 - 0x709b3000 	C:\Windows\system32\d3d10core.dll
0x70830000 - 0x7086a000 	C:\Windows\SysWOW64\Dxtrans.dll
0x73600000 - 0x73614000 	C:\Windows\SysWOW64\ATL.DLL
0x72bc0000 - 0x72bca000 	C:\Windows\SysWOW64\ddrawex.dll
0x688a0000 - 0x68987000 	C:\Windows\SysWOW64\DDRAW.dll
0x72370000 - 0x72376000 	C:\Windows\SysWOW64\DCIMAN32.dll
0x6e7b0000 - 0x6e809000 	C:\Windows\SysWOW64\Dxtmsft.dll
0x71b60000 - 0x71b8f000 	C:\Windows\system32\XmlLite.dll
0x73ab0000 - 0x73ae2000 	C:\Windows\system32\WINMM.dll
0x70f10000 - 0x70f3b000 	C:\Windows\system32\msls31.dll
0x70ca0000 - 0x70df8000 	C:\Windows\System32\msxml6.dll
0x70ea0000 - 0x70ea8000 	C:\Windows\system32\credssp.dll
0x70740000 - 0x7077a000 	C:\Windows\SysWOW64\schannel.dll
0x73f60000 - 0x73f98000 	C:\Windows\system32\ncrypt.dll
0x73f40000 - 0x73f57000 	C:\Windows\system32\bcrypt.dll
0x73f00000 - 0x73f3d000 	C:\Windows\SysWOW64\bcryptprimitives.dll
0x73eb0000 - 0x73ec6000 	C:\Windows\system32\GPAPI.dll
0x72b80000 - 0x72b9c000 	C:\Windows\system32\cryptnet.dll
0x72580000 - 0x725d8000 	C:\Windows\system32\WINHTTP.dll
0x72530000 - 0x7257f000 	C:\Windows\system32\webio.dll
0x70c90000 - 0x70c9d000 	C:\Windows\system32\dhcpcsvc6.DLL
0x73090000 - 0x730a2000 	C:\Windows\system32\dhcpcsvc.DLL
0x6e760000 - 0x6e7ae000 	C:\Windows\SysWOW64\actxprxy.dll
0x67e70000 - 0x68893000 	C:\Windows\SysWOW64\Macromed\Flash\Flash32_11_4_402_265.ocx
0x69bf0000 - 0x69c62000 	C:\Windows\system32\DSOUND.dll
0x708c0000 - 0x708e5000 	C:\Windows\system32\POWRPROF.dll
0x73080000 - 0x73085000 	C:\Windows\system32\MSIMG32.dll
0x69b70000 - 0x69be9000 	C:\Windows\system32\mscms.dll
0x69ab0000 - 0x69ae3000 	C:\Windows\system32\windowscodecsext.dll
0x69a40000 - 0x69aaa000 	C:\Windows\SysWOW64\vbscript.dll
0x69a00000 - 0x69a39000 	C:\Windows\System32\MMDevApi.dll
0x699c0000 - 0x699f6000 	C:\Windows\system32\AUDIOSES.DLL
0x71040000 - 0x7104d000 	C:\Program Files (x86)\Common Files\Microsoft Shared\OFFICE14\MSOXMLMF.DLL

VM Arguments:
jvm_args: -Xbootclasspath/a:C:\PROGRA~2\Java\jre6\lib\deploy.jar;C:\PROGRA~2\Java\jre6\lib\javaws.jar;C:\PROGRA~2\Java\jre6\lib\plugin.jar -Xmx32m -Djava.awt.headless=true -Dkernel.background.download=false -Dkernel.download.dialog=false -XX:MaxDirectMemorySize=64m 
java_command: <unknown>
Launcher Type: generic

Environment Variables:
CLASSPATH=.;C:\Program Files (x86)\QuickTime\QTSystem\QTJava.zip
PATH=C:\Program Files (x86)\Common Files\Apple\Apple Application Support\;C:\Program Files (x86)\Common Files\Apple\Apple Application Support\;C:\Program Files (x86)\Common Files\Apple\Apple Application Support\;C:\Program Files (x86)\Internet Explorer;;C:\Python27\;C:\Python27\Scripts;C:\Program Files\NVIDIA GPU Computing Toolkit\CUDA\v4.0\bin\;C:\Windows\system32;C:\Windows;C:\Windows\System32\Wbem;C:\Windows\System32\WindowsPowerShell\v1.0\;C:\Program Files (x86)\QuickTime\QTSystem\;C:\Program Files\TortoiseSVN\bin;C:\Program Files (x86)\Graphviz 2.28\bin;C:\Program Files (x86)\jEdit;C:\Program Files (x86)\CMake 2.8\bin;C:\Program Files (x86)\MiKTeX\miktex\bin;C:\Program Files (x86)\Android\android-sdk;C:\Program Files (x86)\Android\android-sdk\tools;C:\Program Files (x86)\Objective Caml\bin;C:\Program Files\MATLAB\R2012a\runtime\win64;C:\Program Files\MATLAB\R2012a\bin;c:\Program Files (x86)\Microsoft SQL Server\100\Tools\Binn\;c:\Program Files\Microsoft SQL Server\100\Tools\Binn\;c:\Program Files\Microsoft SQL Server\100\DTS\Binn\;C:\Program Files (x86)\Haskell Platform\2012.2.0.0\lib\extralibs\bin;C:\Program Files (x86)\Haskell Platform\2012.2.0.0\bin
USERNAME=jllawsn
OS=Windows_NT
PROCESSOR_IDENTIFIER=Intel64 Family 6 Model 44 Stepping 2, GenuineIntel



---------------  S Y S T E M  ---------------

OS: Windows 7 , 64 bit Build 7601 Service Pack 1

CPU:total 12 (6 cores per cpu, 2 threads per core) family 6 model 44 stepping 2, cmov, cx8, fxsr, mmx, sse, sse2, sse3, ssse3, sse4.1, sse4.2, popcnt, ht

Memory: 4k page, physical 6274276k(3855036k free), swap 12546700k(10451060k free)

vm_info: Java HotSpot(TM) Client VM (20.10-b01) for windows-x86 JRE (1.6.0_35-b10), built on Aug 28 2012 17:31:51 by "java_re" with MS VC++ 7.1 (VS2003)

time: Thu Sep 27 11:27:53 2012
elapsed time: 2 seconds

